# JRE version: OpenJDK Runtime Environment Temurin-21.0.10+7 (21.0.10+7) (build 21.0.10+7-LTS)
# Java VM: OpenJDK 64-Bit Server VM Temurin-21.0.10+7 (21.0.10+7-LTS, mixed mode, sharing, tiered, compressed oops, compressed class ptrs, parallel gc, windows-amd64)
GC Precious Log:
 CardTable entry size: 512
 CPUs: 4 total, 4 available
 Memory: 6086M
 Large Page Support: Disabled
 NUMA Support: Disabled
 Compressed Oops: Enabled (32-bit)
 Alignments: Space 512K, Generation 512K, Heap 2M
 Heap Min Capacity: 100M
 Heap Initial Capacity: 100M
 Heap Max Capacity: 2G
 Pre-touch: Disabled
 Parallel Workers: 4
Heap:
 PSYoungGen      total 15360K, used 6680K [0x00000000d5580000, 0x00000000d6580000, 0x0000000100000000)
  eden space 14336K, 39% used [0x00000000d5580000,0x00000000d5b120c8,0x00000000d6380000)
  from space 1024K, 95% used [0x00000000d6480000,0x00000000d6574010,0x00000000d6580000)
  to   space 1024K, 0% used [0x00000000d6380000,0x00000000d6380000,0x00000000d6480000)
 ParOldGen       total 83968K, used 83611K [0x0000000080000000, 0x0000000085200000, 0x00000000d5580000)
  object space 83968K, 99% used [0x0000000080000000,0x00000000851a6ee8,0x0000000085200000)
 Metaspace       used 70207K, committed 71744K, reserved 1114112K
  class space    used 7543K, committed 8192K, reserved 1048576K
GC Heap History (20 events):
Event: 167.222 GC heap before
{Heap before GC invocations=74 (full 3):
 PSYoungGen      total 14848K, used 14823K [0x00000000d5580000, 0x00000000d6580000, 0x0000000100000000)
  eden space 14336K, 100% used [0x00000000d5580000,0x00000000d6380000,0x00000000d6380000)
  from space 512K, 95% used [0x00000000d6500000,0x00000000d6579ed0,0x00000000d6580000)
  to   space 1024K, 0% used [0x00000000d6380000,0x00000000d6380000,0x00000000d6480000)
 ParOldGen       total 76800K, used 76475K [0x0000000080000000, 0x0000000084b00000, 0x00000000d5580000)
  object space 76800K, 99% used [0x0000000080000000,0x0000000084aaee58,0x0000000084b00000)
 Metaspace       used 69609K, committed 71168K, reserved 1114112K
  class space    used 7474K, committed 8128K, reserved 1048576K
}
Event: 167.225 GC heap after
{Heap after GC invocations=74 (full 3):
 PSYoungGen      total 15360K, used 801K [0x00000000d5580000, 0x00000000d6580000, 0x0000000100000000)
  eden space 14336K, 0% used [0x00000000d5580000,0x00000000d5580000,0x00000000d6380000)
  from space 1024K, 78% used [0x00000000d6380000,0x00000000d6448528,0x00000000d6480000)
  to   space 1024K, 0% used [0x00000000d6480000,0x00000000d6480000,0x00000000d6580000)
 ParOldGen       total 77312K, used 76902K [0x0000000080000000, 0x0000000084b80000, 0x00000000d5580000)
  object space 77312K, 99% used [0x0000000080000000,0x0000000084b19a40,0x0000000084b80000)
 Metaspace       used 69609K, committed 71168K, reserved 1114112K
  class space    used 7474K, committed 8128K, reserved 1048576K
}
Event: 167.269 GC heap before
{Heap before GC invocations=75 (full 3):
 PSYoungGen      total 15360K, used 15137K [0x00000000d5580000, 0x00000000d6580000, 0x0000000100000000)
  eden space 14336K, 100% used [0x00000000d5580000,0x00000000d6380000,0x00000000d6380000)
  from space 1024K, 78% used [0x00000000d6380000,0x00000000d6448528,0x00000000d6480000)
  to   space 1024K, 0% used [0x00000000d6480000,0x00000000d6480000,0x00000000d6580000)
 ParOldGen       total 77312K, used 76902K [0x0000000080000000, 0x0000000084b80000, 0x00000000d5580000)
  object space 77312K, 99% used [0x0000000080000000,0x0000000084b19a40,0x0000000084b80000)
 Metaspace       used 69609K, committed 71168K, reserved 1114112K
  class space    used 7474K, committed 8128K, reserved 1048576K
}
Event: 167.272 GC heap after
{Heap after GC invocations=75 (full 3):
 PSYoungGen      total 15360K, used 602K [0x00000000d5580000, 0x00000000d6580000, 0x0000000100000000)
  eden space 14336K, 0% used [0x00000000d5580000,0x00000000d5580000,0x00000000d6380000)
  from space 1024K, 58% used [0x00000000d6480000,0x00000000d6516978,0x00000000d6580000)
  to   space 1024K, 0% used [0x00000000d6380000,0x00000000d6380000,0x00000000d6480000)
 ParOldGen       total 77824K, used 77663K [0x0000000080000000, 0x0000000084c00000, 0x00000000d5580000)
  object space 77824K, 99% used [0x0000000080000000,0x0000000084bd7de8,0x0000000084c00000)
 Metaspace       used 69609K, committed 71168K, reserved 1114112K
  class space    used 7474K, committed 8128K, reserved 1048576K
}
Event: 167.351 GC heap before
{Heap before GC invocations=76 (full 3):
 PSYoungGen      total 15360K, used 14938K [0x00000000d5580000, 0x00000000d6580000, 0x0000000100000000)
  eden space 14336K, 100% used [0x00000000d5580000,0x00000000d6380000,0x00000000d6380000)
  from space 1024K, 58% used [0x00000000d6480000,0x00000000d6516978,0x00000000d6580000)
  to   space 1024K, 0% used [0x00000000d6380000,0x00000000d6380000,0x00000000d6480000)
 ParOldGen       total 77824K, used 77663K [0x0000000080000000, 0x0000000084c00000, 0x00000000d5580000)
  object space 77824K, 99% used [0x0000000080000000,0x0000000084bd7de8,0x0000000084c00000)
 Metaspace       used 69609K, committed 71168K, reserved 1114112K
  class space    used 7474K, committed 8128K, reserved 1048576K
}
Event: 167.354 GC heap after
{Heap after GC invocations=76 (full 3):
 PSYoungGen      total 15360K, used 788K [0x00000000d5580000, 0x00000000d6580000, 0x0000000100000000)
  eden space 14336K, 0% used [0x00000000d5580000,0x00000000d5580000,0x00000000d6380000)
  from space 1024K, 76% used [0x00000000d6380000,0x00000000d6445058,0x00000000d6480000)
  to   space 1024K, 0% used [0x00000000d6480000,0x00000000d6480000,0x00000000d6580000)
 ParOldGen       total 78336K, used 78186K [0x0000000080000000, 0x0000000084c80000, 0x00000000d5580000)
  object space 78336K, 99% used [0x0000000080000000,0x0000000084c5aa78,0x0000000084c80000)
 Metaspace       used 69609K, committed 71168K, reserved 1114112K
  class space    used 7474K, committed 8128K, reserved 1048576K
}
Event: 167.470 GC heap before
{Heap before GC invocations=77 (full 3):
 PSYoungGen      total 15360K, used 15124K [0x00000000d5580000, 0x00000000d6580000, 0x0000000100000000)
  eden space 14336K, 100% used [0x00000000d5580000,0x00000000d6380000,0x00000000d6380000)
  from space 1024K, 76% used [0x00000000d6380000,0x00000000d6445058,0x00000000d6480000)
  to   space 1024K, 0% used [0x00000000d6480000,0x00000000d6480000,0x00000000d6580000)
 ParOldGen       total 78336K, used 78186K [0x0000000080000000, 0x0000000084c80000, 0x00000000d5580000)
  object space 78336K, 99% used [0x0000000080000000,0x0000000084c5aa78,0x0000000084c80000)
 Metaspace       used 69615K, committed 71168K, reserved 1114112K
  class space    used 7474K, committed 8128K, reserved 1048576K
}
Event: 167.476 GC heap after
{Heap after GC invocations=77 (full 3):
 PSYoungGen      total 15360K, used 761K [0x00000000d5580000, 0x00000000d6580000, 0x0000000100000000)
  eden space 14336K, 0% used [0x00000000d5580000,0x00000000d5580000,0x00000000d6380000)
  from space 1024K, 74% used [0x00000000d6480000,0x00000000d653e708,0x00000000d6580000)
  to   space 1024K, 0% used [0x00000000d6380000,0x00000000d6380000,0x00000000d6480000)
 ParOldGen       total 79360K, used 78930K [0x0000000080000000, 0x0000000084d80000, 0x00000000d5580000)
  object space 79360K, 99% used [0x0000000080000000,0x0000000084d14ab0,0x0000000084d80000)
 Metaspace       used 69615K, committed 71168K, reserved 1114112K
  class space    used 7474K, committed 8128K, reserved 1048576K
}
Event: 167.533 GC heap before
{Heap before GC invocations=78 (full 3):
 PSYoungGen      total 15360K, used 15097K [0x00000000d5580000, 0x00000000d6580000, 0x0000000100000000)
  eden space 14336K, 100% used [0x00000000d5580000,0x00000000d6380000,0x00000000d6380000)
  from space 1024K, 74% used [0x00000000d6480000,0x00000000d653e708,0x00000000d6580000)
  to   space 1024K, 0% used [0x00000000d6380000,0x00000000d6380000,0x00000000d6480000)
 ParOldGen       total 79360K, used 78930K [0x0000000080000000, 0x0000000084d80000, 0x00000000d5580000)
  object space 79360K, 99% used [0x0000000080000000,0x0000000084d14ab0,0x0000000084d80000)
 Metaspace       used 69615K, committed 71168K, reserved 1114112K
  class space    used 7474K, committed 8128K, reserved 1048576K
}
Event: 167.537 GC heap after
{Heap after GC invocations=78 (full 3):
 PSYoungGen      total 15360K, used 816K [0x00000000d5580000, 0x00000000d6580000, 0x0000000100000000)
  eden space 14336K, 0% used [0x00000000d5580000,0x00000000d5580000,0x00000000d6380000)
  from space 1024K, 79% used [0x00000000d6380000,0x00000000d644c090,0x00000000d6480000)
  to   space 1024K, 0% used [0x00000000d6480000,0x00000000d6480000,0x00000000d6580000)
 ParOldGen       total 79872K, used 79630K [0x0000000080000000, 0x0000000084e00000, 0x00000000d5580000)
  object space 79872K, 99% used [0x0000000080000000,0x0000000084dc3a60,0x0000000084e00000)
 Metaspace       used 69615K, committed 71168K, reserved 1114112K
  class space    used 7474K, committed 8128K, reserved 1048576K
}
Event: 167.682 GC heap before
{Heap before GC invocations=79 (full 3):
 PSYoungGen      total 15360K, used 15152K [0x00000000d5580000, 0x00000000d6580000, 0x0000000100000000)
  eden space 14336K, 100% used [0x00000000d5580000,0x00000000d6380000,0x00000000d6380000)
  from space 1024K, 79% used [0x00000000d6380000,0x00000000d644c090,0x00000000d6480000)
  to   space 1024K, 0% used [0x00000000d6480000,0x00000000d6480000,0x00000000d6580000)
 ParOldGen       total 79872K, used 79630K [0x0000000080000000, 0x0000000084e00000, 0x00000000d5580000)
  object space 79872K, 99% used [0x0000000080000000,0x0000000084dc3a60,0x0000000084e00000)
 Metaspace       used 69616K, committed 71168K, reserved 1114112K
  class space    used 7474K, committed 8128K, reserved 1048576K
}
Event: 167.685 GC heap after
{Heap after GC invocations=79 (full 3):
 PSYoungGen      total 15360K, used 680K [0x00000000d5580000, 0x00000000d6580000, 0x0000000100000000)
  eden space 14336K, 0% used [0x00000000d5580000,0x00000000d5580000,0x00000000d6380000)
  from space 1024K, 66% used [0x00000000d6480000,0x00000000d652a2d0,0x00000000d6580000)
  to   space 1024K, 0% used [0x00000000d6380000,0x00000000d6380000,0x00000000d6480000)
 ParOldGen       total 80384K, used 80342K [0x0000000080000000, 0x0000000084e80000, 0x00000000d5580000)
  object space 80384K, 99% used [0x0000000080000000,0x0000000084e758f0,0x0000000084e80000)
 Metaspace       used 69616K, committed 71168K, reserved 1114112K
  class space    used 7474K, committed 8128K, reserved 1048576K
}
Event: 167.739 GC heap before
{Heap before GC invocations=80 (full 3):
 PSYoungGen      total 15360K, used 15016K [0x00000000d5580000, 0x00000000d6580000, 0x0000000100000000)
  eden space 14336K, 100% used [0x00000000d5580000,0x00000000d6380000,0x00000000d6380000)
  from space 1024K, 66% used [0x00000000d6480000,0x00000000d652a2d0,0x00000000d6580000)
  to   space 1024K, 0% used [0x00000000d6380000,0x00000000d6380000,0x00000000d6480000)
 ParOldGen       total 80384K, used 80342K [0x0000000080000000, 0x0000000084e80000, 0x00000000d5580000)
  object space 80384K, 99% used [0x0000000080000000,0x0000000084e758f0,0x0000000084e80000)
 Metaspace       used 69619K, committed 71168K, reserved 1114112K
  class space    used 7474K, committed 8128K, reserved 1048576K
}
Event: 167.744 GC heap after
{Heap after GC invocations=80 (full 3):
 PSYoungGen      total 15360K, used 792K [0x00000000d5580000, 0x00000000d6580000, 0x0000000100000000)
  eden space 14336K, 0% used [0x00000000d5580000,0x00000000d5580000,0x00000000d6380000)
  from space 1024K, 77% used [0x00000000d6380000,0x00000000d6446368,0x00000000d6480000)
  to   space 1024K, 0% used [0x00000000d6480000,0x00000000d6480000,0x00000000d6580000)
 ParOldGen       total 81408K, used 80912K [0x0000000080000000, 0x0000000084f80000, 0x00000000d5580000)
  object space 81408K, 99% used [0x0000000080000000,0x0000000084f04240,0x0000000084f80000)
 Metaspace       used 69619K, committed 71168K, reserved 1114112K
  class space    used 7474K, committed 8128K, reserved 1048576K
}
Event: 168.262 GC heap before
{Heap before GC invocations=81 (full 3):
 PSYoungGen      total 15360K, used 15128K [0x00000000d5580000, 0x00000000d6580000, 0x0000000100000000)
  eden space 14336K, 100% used [0x00000000d5580000,0x00000000d6380000,0x00000000d6380000)
  from space 1024K, 77% used [0x00000000d6380000,0x00000000d6446368,0x00000000d6480000)
  to   space 1024K, 0% used [0x00000000d6480000,0x00000000d6480000,0x00000000d6580000)
 ParOldGen       total 81408K, used 80912K [0x0000000080000000, 0x0000000084f80000, 0x00000000d5580000)
  object space 81408K, 99% used [0x0000000080000000,0x0000000084f04240,0x0000000084f80000)
 Metaspace       used 69628K, committed 71168K, reserved 1114112K
  class space    used 7474K, committed 8128K, reserved 1048576K
}
Event: 168.266 GC heap after
{Heap after GC invocations=81 (full 3):
 PSYoungGen      total 15360K, used 949K [0x00000000d5580000, 0x00000000d6580000, 0x0000000100000000)
  eden space 14336K, 0% used [0x00000000d5580000,0x00000000d5580000,0x00000000d6380000)
  from space 1024K, 92% used [0x00000000d6480000,0x00000000d656d5f8,0x00000000d6580000)
  to   space 1024K, 0% used [0x00000000d6380000,0x00000000d6380000,0x00000000d6480000)
 ParOldGen       total 82432K, used 82414K [0x0000000080000000, 0x0000000085080000, 0x00000000d5580000)
  object space 82432K, 99% used [0x0000000080000000,0x000000008507b958,0x0000000085080000)
 Metaspace       used 69628K, committed 71168K, reserved 1114112K
  class space    used 7474K, committed 8128K, reserved 1048576K
}
Event: 168.591 GC heap before
{Heap before GC invocations=82 (full 3):
 PSYoungGen      total 15360K, used 15285K [0x00000000d5580000, 0x00000000d6580000, 0x0000000100000000)
  eden space 14336K, 100% used [0x00000000d5580000,0x00000000d6380000,0x00000000d6380000)
  from space 1024K, 92% used [0x00000000d6480000,0x00000000d656d5f8,0x00000000d6580000)
  to   space 1024K, 0% used [0x00000000d6380000,0x00000000d6380000,0x00000000d6480000)
 ParOldGen       total 82432K, used 82414K [0x0000000080000000, 0x0000000085080000, 0x00000000d5580000)
  object space 82432K, 99% used [0x0000000080000000,0x000000008507b958,0x0000000085080000)
 Metaspace       used 69628K, committed 71168K, reserved 1114112K
  class space    used 7474K, committed 8128K, reserved 1048576K
}
Event: 168.595 GC heap after
{Heap after GC invocations=82 (full 3):
 PSYoungGen      total 15360K, used 784K [0x00000000d5580000, 0x00000000d6580000, 0x0000000100000000)
  eden space 14336K, 0% used [0x00000000d5580000,0x00000000d5580000,0x00000000d6380000)
  from space 1024K, 76% used [0x00000000d6380000,0x00000000d6444078,0x00000000d6480000)
  to   space 1024K, 0% used [0x00000000d6480000,0x00000000d6480000,0x00000000d6580000)
 ParOldGen       total 83456K, used 83275K [0x0000000080000000, 0x0000000085180000, 0x00000000d5580000)
  object space 83456K, 99% used [0x0000000080000000,0x0000000085152ee8,0x0000000085180000)
 Metaspace       used 69628K, committed 71168K, reserved 1114112K
  class space    used 7474K, committed 8128K, reserved 1048576K
}
Event: 193.787 GC heap before
{Heap before GC invocations=83 (full 3):
 PSYoungGen      total 15360K, used 15120K [0x00000000d5580000, 0x00000000d6580000, 0x0000000100000000)
  eden space 14336K, 100% used [0x00000000d5580000,0x00000000d6380000,0x00000000d6380000)
  from space 1024K, 76% used [0x00000000d6380000,0x00000000d6444078,0x00000000d6480000)
  to   space 1024K, 0% used [0x00000000d6480000,0x00000000d6480000,0x00000000d6580000)
 ParOldGen       total 83456K, used 83275K [0x0000000080000000, 0x0000000085180000, 0x00000000d5580000)
  object space 83456K, 99% used [0x0000000080000000,0x0000000085152ee8,0x0000000085180000)
 Metaspace       used 69837K, committed 71360K, reserved 1114112K
  class space    used 7512K, committed 8128K, reserved 1048576K
}
Event: 193.791 GC heap after
{Heap after GC invocations=83 (full 3):
 PSYoungGen      total 15360K, used 976K [0x00000000d5580000, 0x00000000d6580000, 0x0000000100000000)
  eden space 14336K, 0% used [0x00000000d5580000,0x00000000d5580000,0x00000000d6380000)
  from space 1024K, 95% used [0x00000000d6480000,0x00000000d6574010,0x00000000d6580000)
  to   space 1024K, 0% used [0x00000000d6380000,0x00000000d6380000,0x00000000d6480000)
 ParOldGen       total 83968K, used 83611K [0x0000000080000000, 0x0000000085200000, 0x00000000d5580000)
  object space 83968K, 99% used [0x0000000080000000,0x00000000851a6ee8,0x0000000085200000)
 Metaspace       used 69837K, committed 71360K, reserved 1114112K
  class space    used 7512K, committed 8128K, reserved 1048576K
}

