# JRE version: OpenJDK Runtime Environment Temurin-21.0.10+7 (21.0.10+7) (build 21.0.10+7-LTS)
# Java VM: OpenJDK 64-Bit Server VM Temurin-21.0.10+7 (21.0.10+7-LTS, mixed mode, sharing, tiered, compressed oops, compressed class ptrs, parallel gc, windows-amd64)
GC Precious Log:
 CardTable entry size: 512
 CPUs: 4 total, 4 available
 Memory: 6086M
 Large Page Support: Disabled
 NUMA Support: Disabled
 Compressed Oops: Enabled (32-bit)
 Alignments: Space 512K, Generation 512K, Heap 2M
 Heap Min Capacity: 100M
 Heap Initial Capacity: 100M
 Heap Max Capacity: 2G
 Pre-touch: Disabled
 Parallel Workers: 4
Heap:
 PSYoungGen      total 9728K, used 2156K [0x00000000d5580000, 0x00000000d6080000, 0x0000000100000000)
  eden space 9216K, 22% used [0x00000000d5580000,0x00000000d5783310,0x00000000d5e80000)
  from space 512K, 18% used [0x00000000d5f80000,0x00000000d5f98000,0x00000000d6000000)
  to   space 512K, 0% used [0x00000000d6000000,0x00000000d6000000,0x00000000d6080000)
 ParOldGen       total 75776K, used 68300K [0x0000000080000000, 0x0000000084a00000, 0x00000000d5580000)
  object space 75776K, 90% used [0x0000000080000000,0x00000000842b30c0,0x0000000084a00000)
 Metaspace       used 64622K, committed 66112K, reserved 1114112K
  class space    used 6862K, committed 7552K, reserved 1048576K
GC Heap History (20 events):
Event: 46.457 GC heap before
{Heap before GC invocations=79 (full 3):
 PSYoungGen      total 9728K, used 9714K [0x00000000d5580000, 0x00000000d6480000, 0x0000000100000000)
  eden space 9216K, 100% used [0x00000000d5580000,0x00000000d5e80000,0x00000000d5e80000)
  from space 512K, 97% used [0x00000000d5f80000,0x00000000d5ffcb38,0x00000000d6000000)
  to   space 3072K, 0% used [0x00000000d6180000,0x00000000d6180000,0x00000000d6480000)
 ParOldGen       total 75776K, used 65604K [0x0000000080000000, 0x0000000084a00000, 0x00000000d5580000)
  object space 75776K, 86% used [0x0000000080000000,0x0000000084011090,0x0000000084a00000)
 Metaspace       used 62202K, committed 63616K, reserved 1114112K
  class space    used 6594K, committed 7232K, reserved 1048576K
}
Event: 46.464 GC heap after
{Heap after GC invocations=79 (full 3):
 PSYoungGen      total 10240K, used 800K [0x00000000d5580000, 0x00000000d6280000, 0x0000000100000000)
  eden space 9216K, 0% used [0x00000000d5580000,0x00000000d5580000,0x00000000d5e80000)
  from space 1024K, 78% used [0x00000000d6180000,0x00000000d6248020,0x00000000d6280000)
  to   space 1536K, 0% used [0x00000000d5f80000,0x00000000d5f80000,0x00000000d6100000)
 ParOldGen       total 75776K, used 65660K [0x0000000080000000, 0x0000000084a00000, 0x00000000d5580000)
  object space 75776K, 86% used [0x0000000080000000,0x000000008401f090,0x0000000084a00000)
 Metaspace       used 62202K, committed 63616K, reserved 1114112K
  class space    used 6594K, committed 7232K, reserved 1048576K
}
Event: 46.851 GC heap before
{Heap before GC invocations=80 (full 3):
 PSYoungGen      total 10240K, used 10016K [0x00000000d5580000, 0x00000000d6280000, 0x0000000100000000)
  eden space 9216K, 100% used [0x00000000d5580000,0x00000000d5e80000,0x00000000d5e80000)
  from space 1024K, 78% used [0x00000000d6180000,0x00000000d6248020,0x00000000d6280000)
  to   space 1536K, 0% used [0x00000000d5f80000,0x00000000d5f80000,0x00000000d6100000)
 ParOldGen       total 75776K, used 65660K [0x0000000080000000, 0x0000000084a00000, 0x00000000d5580000)
  object space 75776K, 86% used [0x0000000080000000,0x000000008401f090,0x0000000084a00000)
 Metaspace       used 62494K, committed 63936K, reserved 1114112K
  class space    used 6638K, committed 7296K, reserved 1048576K
}
Event: 46.854 GC heap after
{Heap after GC invocations=80 (full 3):
 PSYoungGen      total 10240K, used 1024K [0x00000000d5580000, 0x00000000d6200000, 0x0000000100000000)
  eden space 9216K, 0% used [0x00000000d5580000,0x00000000d5580000,0x00000000d5e80000)
  from space 1024K, 100% used [0x00000000d5f80000,0x00000000d6080000,0x00000000d6080000)
  to   space 1536K, 0% used [0x00000000d6080000,0x00000000d6080000,0x00000000d6200000)
 ParOldGen       total 75776K, used 66172K [0x0000000080000000, 0x0000000084a00000, 0x00000000d5580000)
  object space 75776K, 87% used [0x0000000080000000,0x000000008409f090,0x0000000084a00000)
 Metaspace       used 62494K, committed 63936K, reserved 1114112K
  class space    used 6638K, committed 7296K, reserved 1048576K
}
Event: 47.013 GC heap before
{Heap before GC invocations=81 (full 3):
 PSYoungGen      total 10240K, used 10240K [0x00000000d5580000, 0x00000000d6200000, 0x0000000100000000)
  eden space 9216K, 100% used [0x00000000d5580000,0x00000000d5e80000,0x00000000d5e80000)
  from space 1024K, 100% used [0x00000000d5f80000,0x00000000d6080000,0x00000000d6080000)
  to   space 1536K, 0% used [0x00000000d6080000,0x00000000d6080000,0x00000000d6200000)
 ParOldGen       total 75776K, used 66172K [0x0000000080000000, 0x0000000084a00000, 0x00000000d5580000)
  object space 75776K, 87% used [0x0000000080000000,0x000000008409f090,0x0000000084a00000)
 Metaspace       used 62659K, committed 64128K, reserved 1114112K
  class space    used 6657K, committed 7360K, reserved 1048576K
}
Event: 47.016 GC heap after
{Heap after GC invocations=81 (full 3):
 PSYoungGen      total 9728K, used 448K [0x00000000d5580000, 0x00000000d6100000, 0x0000000100000000)
  eden space 9216K, 0% used [0x00000000d5580000,0x00000000d5580000,0x00000000d5e80000)
  from space 512K, 87% used [0x00000000d6080000,0x00000000d60f0000,0x00000000d6100000)
  to   space 1024K, 0% used [0x00000000d5f00000,0x00000000d5f00000,0x00000000d6000000)
 ParOldGen       total 75776K, used 66988K [0x0000000080000000, 0x0000000084a00000, 0x00000000d5580000)
  object space 75776K, 88% used [0x0000000080000000,0x000000008416b090,0x0000000084a00000)
 Metaspace       used 62659K, committed 64128K, reserved 1114112K
  class space    used 6657K, committed 7360K, reserved 1048576K
}
Event: 47.683 GC heap before
{Heap before GC invocations=82 (full 3):
 PSYoungGen      total 9728K, used 9664K [0x00000000d5580000, 0x00000000d6100000, 0x0000000100000000)
  eden space 9216K, 100% used [0x00000000d5580000,0x00000000d5e80000,0x00000000d5e80000)
  from space 512K, 87% used [0x00000000d6080000,0x00000000d60f0000,0x00000000d6100000)
  to   space 1024K, 0% used [0x00000000d5f00000,0x00000000d5f00000,0x00000000d6000000)
 ParOldGen       total 75776K, used 66988K [0x0000000080000000, 0x0000000084a00000, 0x00000000d5580000)
  object space 75776K, 88% used [0x0000000080000000,0x000000008416b090,0x0000000084a00000)
 Metaspace       used 63381K, committed 64896K, reserved 1114112K
  class space    used 6720K, committed 7424K, reserved 1048576K
}
Event: 47.685 GC heap after
{Heap after GC invocations=82 (full 3):
 PSYoungGen      total 10240K, used 506K [0x00000000d5580000, 0x00000000d6100000, 0x0000000100000000)
  eden space 9216K, 0% used [0x00000000d5580000,0x00000000d5580000,0x00000000d5e80000)
  from space 1024K, 49% used [0x00000000d5f00000,0x00000000d5f7e8c8,0x00000000d6000000)
  to   space 1024K, 0% used [0x00000000d6000000,0x00000000d6000000,0x00000000d6100000)
 ParOldGen       total 75776K, used 67385K [0x0000000080000000, 0x0000000084a00000, 0x00000000d5580000)
  object space 75776K, 88% used [0x0000000080000000,0x00000000841ce7b8,0x0000000084a00000)
 Metaspace       used 63381K, committed 64896K, reserved 1114112K
  class space    used 6720K, committed 7424K, reserved 1048576K
}
Event: 166.061 GC heap before
{Heap before GC invocations=83 (full 3):
 PSYoungGen      total 10240K, used 9722K [0x00000000d5580000, 0x00000000d6100000, 0x0000000100000000)
  eden space 9216K, 100% used [0x00000000d5580000,0x00000000d5e80000,0x00000000d5e80000)
  from space 1024K, 49% used [0x00000000d5f00000,0x00000000d5f7e8c8,0x00000000d6000000)
  to   space 1024K, 0% used [0x00000000d6000000,0x00000000d6000000,0x00000000d6100000)
 ParOldGen       total 75776K, used 67385K [0x0000000080000000, 0x0000000084a00000, 0x00000000d5580000)
  object space 75776K, 88% used [0x0000000080000000,0x00000000841ce7b8,0x0000000084a00000)
 Metaspace       used 64096K, committed 65536K, reserved 1114112K
  class space    used 6824K, committed 7488K, reserved 1048576K
}
Event: 166.063 GC heap after
{Heap after GC invocations=83 (full 3):
 PSYoungGen      total 9728K, used 288K [0x00000000d5580000, 0x00000000d6080000, 0x0000000100000000)
  eden space 9216K, 0% used [0x00000000d5580000,0x00000000d5580000,0x00000000d5e80000)
  from space 512K, 56% used [0x00000000d6000000,0x00000000d6048000,0x00000000d6080000)
  to   space 512K, 0% used [0x00000000d5f80000,0x00000000d5f80000,0x00000000d6000000)
 ParOldGen       total 75776K, used 67780K [0x0000000080000000, 0x0000000084a00000, 0x00000000d5580000)
  object space 75776K, 89% used [0x0000000080000000,0x0000000084231090,0x0000000084a00000)
 Metaspace       used 64096K, committed 65536K, reserved 1114112K
  class space    used 6824K, committed 7488K, reserved 1048576K
}
Event: 2307.478 GC heap before
{Heap before GC invocations=84 (full 3):
 PSYoungGen      total 9728K, used 9504K [0x00000000d5580000, 0x00000000d6080000, 0x0000000100000000)
  eden space 9216K, 100% used [0x00000000d5580000,0x00000000d5e80000,0x00000000d5e80000)
  from space 512K, 56% used [0x00000000d6000000,0x00000000d6048000,0x00000000d6080000)
  to   space 512K, 0% used [0x00000000d5f80000,0x00000000d5f80000,0x00000000d6000000)
 ParOldGen       total 75776K, used 67780K [0x0000000080000000, 0x0000000084a00000, 0x00000000d5580000)
  object space 75776K, 89% used [0x0000000080000000,0x0000000084231090,0x0000000084a00000)
 Metaspace       used 64519K, committed 65984K, reserved 1114112K
  class space    used 6861K, committed 7552K, reserved 1048576K
}
Event: 2307.534 GC heap after
{Heap after GC invocations=84 (full 3):
 PSYoungGen      total 9728K, used 320K [0x00000000d5580000, 0x00000000d6080000, 0x0000000100000000)
  eden space 9216K, 0% used [0x00000000d5580000,0x00000000d5580000,0x00000000d5e80000)
  from space 512K, 62% used [0x00000000d5f80000,0x00000000d5fd0020,0x00000000d6000000)
  to   space 512K, 0% used [0x00000000d6000000,0x00000000d6000000,0x00000000d6080000)
 ParOldGen       total 75776K, used 68004K [0x0000000080000000, 0x0000000084a00000, 0x00000000d5580000)
  object space 75776K, 89% used [0x0000000080000000,0x0000000084269090,0x0000000084a00000)
 Metaspace       used 64519K, committed 65984K, reserved 1114112K
  class space    used 6861K, committed 7552K, reserved 1048576K
}
Event: 2310.431 GC heap before
{Heap before GC invocations=85 (full 3):
 PSYoungGen      total 9728K, used 9536K [0x00000000d5580000, 0x00000000d6080000, 0x0000000100000000)
  eden space 9216K, 100% used [0x00000000d5580000,0x00000000d5e80000,0x00000000d5e80000)
  from space 512K, 62% used [0x00000000d5f80000,0x00000000d5fd0020,0x00000000d6000000)
  to   space 512K, 0% used [0x00000000d6000000,0x00000000d6000000,0x00000000d6080000)
 ParOldGen       total 75776K, used 68004K [0x0000000080000000, 0x0000000084a00000, 0x00000000d5580000)
  object space 75776K, 89% used [0x0000000080000000,0x0000000084269090,0x0000000084a00000)
 Metaspace       used 64543K, committed 66048K, reserved 1114112K
  class space    used 6861K, committed 7552K, reserved 1048576K
}
Event: 2310.434 GC heap after
{Heap after GC invocations=85 (full 3):
 PSYoungGen      total 9728K, used 64K [0x00000000d5580000, 0x00000000d6080000, 0x0000000100000000)
  eden space 9216K, 0% used [0x00000000d5580000,0x00000000d5580000,0x00000000d5e80000)
  from space 512K, 12% used [0x00000000d6000000,0x00000000d6010000,0x00000000d6080000)
  to   space 512K, 0% used [0x00000000d5f80000,0x00000000d5f80000,0x00000000d6000000)
 ParOldGen       total 75776K, used 68252K [0x0000000080000000, 0x0000000084a00000, 0x00000000d5580000)
  object space 75776K, 90% used [0x0000000080000000,0x00000000842a70c0,0x0000000084a00000)
 Metaspace       used 64543K, committed 66048K, reserved 1114112K
  class space    used 6861K, committed 7552K, reserved 1048576K
}
Event: 2313.646 GC heap before
{Heap before GC invocations=86 (full 3):
 PSYoungGen      total 9728K, used 9280K [0x00000000d5580000, 0x00000000d6080000, 0x0000000100000000)
  eden space 9216K, 100% used [0x00000000d5580000,0x00000000d5e80000,0x00000000d5e80000)
  from space 512K, 12% used [0x00000000d6000000,0x00000000d6010000,0x00000000d6080000)
  to   space 512K, 0% used [0x00000000d5f80000,0x00000000d5f80000,0x00000000d6000000)
 ParOldGen       total 75776K, used 68252K [0x0000000080000000, 0x0000000084a00000, 0x00000000d5580000)
  object space 75776K, 90% used [0x0000000080000000,0x00000000842a70c0,0x0000000084a00000)
 Metaspace       used 64567K, committed 66048K, reserved 1114112K
  class space    used 6862K, committed 7552K, reserved 1048576K
}
Event: 2313.648 GC heap after
{Heap after GC invocations=86 (full 3):
 PSYoungGen      total 9728K, used 128K [0x00000000d5580000, 0x00000000d6080000, 0x0000000100000000)
  eden space 9216K, 0% used [0x00000000d5580000,0x00000000d5580000,0x00000000d5e80000)
  from space 512K, 25% used [0x00000000d5f80000,0x00000000d5fa0000,0x00000000d6000000)
  to   space 512K, 0% used [0x00000000d6000000,0x00000000d6000000,0x00000000d6080000)
 ParOldGen       total 75776K, used 68268K [0x0000000080000000, 0x0000000084a00000, 0x00000000d5580000)
  object space 75776K, 90% used [0x0000000080000000,0x00000000842ab0c0,0x0000000084a00000)
 Metaspace       used 64567K, committed 66048K, reserved 1114112K
  class space    used 6862K, committed 7552K, reserved 1048576K
}
Event: 2314.447 GC heap before
{Heap before GC invocations=87 (full 3):
 PSYoungGen      total 9728K, used 9344K [0x00000000d5580000, 0x00000000d6080000, 0x0000000100000000)
  eden space 9216K, 100% used [0x00000000d5580000,0x00000000d5e80000,0x00000000d5e80000)
  from space 512K, 25% used [0x00000000d5f80000,0x00000000d5fa0000,0x00000000d6000000)
  to   space 512K, 0% used [0x00000000d6000000,0x00000000d6000000,0x00000000d6080000)
 ParOldGen       total 75776K, used 68268K [0x0000000080000000, 0x0000000084a00000, 0x00000000d5580000)
  object space 75776K, 90% used [0x0000000080000000,0x00000000842ab0c0,0x0000000084a00000)
 Metaspace       used 64576K, committed 66048K, reserved 1114112K
  class space    used 6862K, committed 7552K, reserved 1048576K
}
Event: 2314.449 GC heap after
{Heap after GC invocations=87 (full 3):
 PSYoungGen      total 9728K, used 128K [0x00000000d5580000, 0x00000000d6080000, 0x0000000100000000)
  eden space 9216K, 0% used [0x00000000d5580000,0x00000000d5580000,0x00000000d5e80000)
  from space 512K, 25% used [0x00000000d6000000,0x00000000d6020000,0x00000000d6080000)
  to   space 512K, 0% used [0x00000000d5f80000,0x00000000d5f80000,0x00000000d6000000)
 ParOldGen       total 75776K, used 68292K [0x0000000080000000, 0x0000000084a00000, 0x00000000d5580000)
  object space 75776K, 90% used [0x0000000080000000,0x00000000842b10c0,0x0000000084a00000)
 Metaspace       used 64576K, committed 66048K, reserved 1114112K
  class space    used 6862K, committed 7552K, reserved 1048576K
}
Event: 2350.498 GC heap before
{Heap before GC invocations=88 (full 3):
 PSYoungGen      total 9728K, used 9344K [0x00000000d5580000, 0x00000000d6080000, 0x0000000100000000)
  eden space 9216K, 100% used [0x00000000d5580000,0x00000000d5e80000,0x00000000d5e80000)
  from space 512K, 25% used [0x00000000d6000000,0x00000000d6020000,0x00000000d6080000)
  to   space 512K, 0% used [0x00000000d5f80000,0x00000000d5f80000,0x00000000d6000000)
 ParOldGen       total 75776K, used 68292K [0x0000000080000000, 0x0000000084a00000, 0x00000000d5580000)
  object space 75776K, 90% used [0x0000000080000000,0x00000000842b10c0,0x0000000084a00000)
 Metaspace       used 64578K, committed 66048K, reserved 1114112K
  class space    used 6862K, committed 7552K, reserved 1048576K
}
Event: 2350.500 GC heap after
{Heap after GC invocations=88 (full 3):
 PSYoungGen      total 9728K, used 96K [0x00000000d5580000, 0x00000000d6080000, 0x0000000100000000)
  eden space 9216K, 0% used [0x00000000d5580000,0x00000000d5580000,0x00000000d5e80000)
  from space 512K, 18% used [0x00000000d5f80000,0x00000000d5f98000,0x00000000d6000000)
  to   space 512K, 0% used [0x00000000d6000000,0x00000000d6000000,0x00000000d6080000)
 ParOldGen       total 75776K, used 68300K [0x0000000080000000, 0x0000000084a00000, 0x00000000d5580000)
  object space 75776K, 90% used [0x0000000080000000,0x00000000842b30c0,0x0000000084a00000)
 Metaspace       used 64578K, committed 66048K, reserved 1114112K
  class space    used 6862K, committed 7552K, reserved 1048576K
}

